  Scene.cpp
C:\Users\PC\OneDrive\바탕 화면\Merge_Sun_and_Moon\Merge\D3D12_Project\Scene.cpp(1,1): warning C4819: 현재 코드 페이지(949)에서 표시할 수 없는 문자가 파일에 들어 있습니다. 데이터가 손실되지 않게 하려면 해당 파일을 유니코드 형식으로 저장하십시오.
C:\Users\PC\OneDrive\바탕 화면\Merge_Sun_and_Moon\Merge\D3D12_Project\stdafx.h(10,1): warning C4005: '_WINSOCKAPI_': 매크로 재정의
  (소스 파일 'Scene.cpp'을(를) 컴파일하는 중)
  C:\Users\PC\OneDrive\바탕 화면\Merge_Sun_and_Moon\Merge\D3D12_Project\stdafx.h(10,1):
  이전에 명령줄에서 선언된 '_WINSOCKAPI_'
  
C:\Users\PC\OneDrive\바탕 화면\Merge_Sun_and_Moon\Merge\D3D12_Project\Object.h(1,1): warning C4819: 현재 코드 페이지(949)에서 표시할 수 없는 문자가 파일에 들어 있습니다. 데이터가 손실되지 않게 하려면 해당 파일을 유니코드 형식으로 저장하십시오.
  (소스 파일 'Scene.cpp'을(를) 컴파일하는 중)
  
C:\Users\PC\OneDrive\바탕 화면\Merge_Sun_and_Moon\Merge\D3D12_Project\NetworkManager.h(1,1): warning C4819: 현재 코드 페이지(949)에서 표시할 수 없는 문자가 파일에 들어 있습니다. 데이터가 손실되지 않게 하려면 해당 파일을 유니코드 형식으로 저장하십시오.
  (소스 파일 'Scene.cpp'을(를) 컴파일하는 중)
  
C:\Users\PC\OneDrive\바탕 화면\Merge_Sun_and_Moon\Merge\D3D12_Project\Packet.h(1,1): warning C4819: 현재 코드 페이지(949)에서 표시할 수 없는 문자가 파일에 들어 있습니다. 데이터가 손실되지 않게 하려면 해당 파일을 유니코드 형식으로 저장하십시오.
  (소스 파일 'Scene.cpp'을(를) 컴파일하는 중)
  
C:\Users\PC\OneDrive\바탕 화면\Merge_Sun_and_Moon\Merge\D3D12_Project\Framework.h(1,1): warning C4819: 현재 코드 페이지(949)에서 표시할 수 없는 문자가 파일에 들어 있습니다. 데이터가 손실되지 않게 하려면 해당 파일을 유니코드 형식으로 저장하십시오.
  (소스 파일 'Scene.cpp'을(를) 컴파일하는 중)
  
C:\Users\PC\OneDrive\바탕 화면\Merge_Sun_and_Moon\Merge\D3D12_Project\LoginUI.h(1,1): warning C4819: 현재 코드 페이지(949)에서 표시할 수 없는 문자가 파일에 들어 있습니다. 데이터가 손실되지 않게 하려면 해당 파일을 유니코드 형식으로 저장하십시오.
  (소스 파일 'Scene.cpp'을(를) 컴파일하는 중)
  
C:\Users\PC\OneDrive\바탕 화면\Merge_Sun_and_Moon\Merge\D3D12_Project\Scene.cpp(582,1): warning C4819: 현재 코드 페이지(949)에서 표시할 수 없는 문자가 파일에 들어 있습니다. 데이터가 손실되지 않게 하려면 해당 파일을 유니코드 형식으로 저장하십시오.
C:\Users\PC\OneDrive\바탕 화면\Merge_Sun_and_Moon\Merge\D3D12_Project\Scene.cpp(689,28): warning C4244: '=': 'int'에서 'float'(으)로 변환하면서 데이터가 손실될 수 있습니다.
C:\Users\PC\OneDrive\바탕 화면\Merge_Sun_and_Moon\Merge\D3D12_Project\Scene.cpp(690,29): warning C4244: '=': 'int'에서 'float'(으)로 변환하면서 데이터가 손실될 수 있습니다.
C:\Users\PC\OneDrive\바탕 화면\Merge_Sun_and_Moon\Merge\D3D12_Project\Scene.cpp(888,90): warning C4267: '인수': 'size_t'에서 'UINT'(으)로 변환하면서 데이터가 손실될 수 있습니다.
C:\Users\PC\OneDrive\바탕 화면\Merge_Sun_and_Moon\Merge\D3D12_Project\Scene.cpp(927,79): warning C4267: '초기화 중': 'size_t'에서 'UINT'(으)로 변환하면서 데이터가 손실될 수 있습니다.
C:\Users\PC\OneDrive\바탕 화면\Merge_Sun_and_Moon\Merge\D3D12_Project\Scene.cpp(927,33): warning C4267: '초기화 중': 'size_t'에서 'const UINT'(으)로 변환하면서 데이터가 손실될 수 있습니다.
C:\Users\PC\OneDrive\바탕 화면\Merge_Sun_and_Moon\Merge\D3D12_Project\Scene.cpp(960,77): warning C4267: '초기화 중': 'size_t'에서 'UINT'(으)로 변환하면서 데이터가 손실될 수 있습니다.
C:\Users\PC\OneDrive\바탕 화면\Merge_Sun_and_Moon\Merge\D3D12_Project\Scene.cpp(960,32): warning C4267: '초기화 중': 'size_t'에서 'const UINT'(으)로 변환하면서 데이터가 손실될 수 있습니다.
C:\Users\PC\OneDrive\바탕 화면\Merge_Sun_and_Moon\Merge\D3D12_Project\Scene.cpp(995,82): warning C4267: '=': 'size_t'에서 'UINT'(으)로 변환하면서 데이터가 손실될 수 있습니다.
C:\Users\PC\OneDrive\바탕 화면\Merge_Sun_and_Moon\Merge\D3D12_Project\Scene.cpp(1002,80): warning C4267: '=': 'size_t'에서 'UINT'(으)로 변환하면서 데이터가 손실될 수 있습니다.
C:\Users\PC\OneDrive\바탕 화면\Merge_Sun_and_Moon\Merge\D3D12_Project\Scene.cpp(1071,110): warning C4267: '인수': 'size_t'에서 'UINT'(으)로 변환하면서 데이터가 손실될 수 있습니다.
  D3D12_Project.vcxproj -> C:\Users\PC\OneDrive\바탕 화면\Merge_Sun_and_Moon\Merge\D3D12_Project\x64\Debug\D3D12_Project.exe
